<?xml version="1.0" encoding="UTF-8"?>
<!-- Generated by org.testng.reporters.JUnitXMLReporter -->
<testsuite ignored="0" hostname="DESKTOP-KSUDC9C" failures="0" tests="10" name="Sanity" time="129.078" errors="0" timestamp="2022-03-20T14:15:13 IST">
  <testcase classname="com.trainermanagement.scripts.TestClass" name="homepage" time="7.302"/>
  <testcase classname="com.trainermanagement.scripts.TestClass" name="footer" time="4.764"/>
  <testcase classname="com.trainermanagement.scripts.TestClass" name="InvalidAdminLogin" time="20.767"/>
  <testcase classname="com.trainermanagement.scripts.TestClass" name="InvalidLogin" time="18.01"/>
  <testcase classname="com.trainermanagement.scripts.TestClass" name="verifyValidLogin" time="10.178"/>
  <testcase classname="com.trainermanagement.scripts.TestClass" name="editprofile" time="2.927"/>
  <testcase classname="com.trainermanagement.scripts.TestClass" name="verifyValidAdminLogin" time="8.838"/>
  <testcase classname="com.trainermanagement.scripts.TestClass" name="verifyAllocatePage" time="12.709"/>
  <testcase classname="com.trainermanagement.scripts.TestClass" name="varifyInvalidSignup" time="17.537"/>
  <testcase classname="com.trainermanagement.scripts.TestClass" name="signup" time="10.488"/>
</testsuite> <!-- Sanity -->
