<?xml version="1.0" encoding="UTF-8"?>
<testsuite xmlns:xsi="http://www.w3.org/2001/XMLSchema-instance" xsi:noNamespaceSchemaLocation="https://maven.apache.org/surefire/maven-surefire-plugin/xsd/surefire-test-report-3.0.xsd" version="3.0" name="TestSuite" time="16.711" tests="11" errors="0" skipped="6" failures="5">
  <properties>
[...]
</properties>
  <testcase name="onSetup[chrome](0)" classname="com.trainermanagement.scripts.TestClass" time="4.538">
    <failure message="Could not start a new session. Possible causes are invalid address of the remote server or browser start-up failure.&#10;Build info: version: &apos;4.0.0-beta-1&apos;, revision: &apos;9c03156c2b&apos;&#10;System info: host: &apos;DESKTOP-KSUDC9C&apos;, ip: &apos;192.168.1.205&apos;, os.name: &apos;Windows 10&apos;, os.arch: &apos;amd64&apos;, os.version: &apos;10.0&apos;, java.version: &apos;16.0.2&apos;&#10;Driver info: org.openqa.selenium.chrome.ChromeDriver&#10;Command: [null, newSession {desiredCapabilities=Capabilities {browserName: chrome}}]&#10;Capabilities {}" type="org.openqa.selenium.SessionNotCreatedException"><![CDATA[org.openqa.selenium.SessionNotCreatedException: 
Could not start a new session. Possible causes are invalid address of the remote server or browser start-up failure.
Build info: version: '4.0.0-beta-1', revision: '9c03156c2b'
System info: host: 'DESKTOP-KSUDC9C', ip: '192.168.1.205', os.name: 'Windows 10', os.arch: 'amd64', os.version: '10.0', java.version: '16.0.2'
Driver info: org.openqa.selenium.chrome.ChromeDriver
Command: [null, newSession {desiredCapabilities=Capabilities {browserName: chrome}}]
Capabilities {}
Caused by: java.lang.NullPointerException: Cannot invoke "Object.toString()" because the return value of "java.util.Map.get(Object)" is null
]]></failure>
    <system-err><![CDATA[SLF4J: Failed to load class "org.slf4j.impl.StaticLoggerBinder".
SLF4J: Defaulting to no-operation (NOP) logger implementation
SLF4J: See http://www.slf4j.org/codes.html#StaticLoggerBinder for further details.
1646295350790	geckodriver	INFO	Listening on 127.0.0.1:2590
Starting ChromeDriver 96.0.4664.45 (76e4c1bb2ab4671b8beba3444e61c0f17584b2fc-refs/branch-heads/4664@{#947}) on port 32589
Only local connections are allowed.
Please see https://chromedriver.chromium.org/security-considerations for suggestions on keeping ChromeDriver safe.
ChromeDriver was started successfully.
1646295351239	mozrunner::runner	INFO	Running command: "C:\\Program Files\\Mozilla Firefox\\firefox.exe" "--marionette" "--remote-debugging-port" "9222" "-no-remote" "-profile" "C:\\Users\\acer\\AppData\\Local\\Temp\\rust_mozprofilefuKbCZ"
1646295351920	Marionette	INFO	Marionette enabled
]]></system-err>
  </testcase>
  <testcase name="Signup" classname="com.trainermanagement.scripts.TestClass" time="0">
    <skipped message="Could not start a new session. Possible causes are invalid address of the remote server or browser start-up failure.&#10;Build info: version: &apos;4.0.0-beta-1&apos;, revision: &apos;9c03156c2b&apos;&#10;System info: host: &apos;DESKTOP-KSUDC9C&apos;, ip: &apos;192.168.1.205&apos;, os.name: &apos;Windows 10&apos;, os.arch: &apos;amd64&apos;, os.version: &apos;10.0&apos;, java.version: &apos;16.0.2&apos;&#10;Driver info: org.openqa.selenium.chrome.ChromeDriver&#10;Command: [null, newSession {desiredCapabilities=Capabilities {browserName: chrome}}]&#10;Capabilities {}"/>
  </testcase>
  <testcase name="Signup" classname="com.trainermanagement.scripts.TestClass" time="0.123">
    <failure message="Compound class names not permitted&#10;For documentation on this error, please visit: https://selenium.dev/exceptions/#invalid_selector_exception&#10;Build info: version: &apos;4.0.0-beta-1&apos;, revision: &apos;9c03156c2b&apos;&#10;System info: host: &apos;DESKTOP-KSUDC9C&apos;, ip: &apos;192.168.1.205&apos;, os.name: &apos;Windows 10&apos;, os.arch: &apos;amd64&apos;, os.version: &apos;10.0&apos;, java.version: &apos;16.0.2&apos;&#10;Driver info: driver.version: unknown" type="org.openqa.selenium.InvalidSelectorException"><![CDATA[org.openqa.selenium.InvalidSelectorException: 
Compound class names not permitted
For documentation on this error, please visit: https://selenium.dev/exceptions/#invalid_selector_exception
Build info: version: '4.0.0-beta-1', revision: '9c03156c2b'
System info: host: 'DESKTOP-KSUDC9C', ip: '192.168.1.205', os.name: 'Windows 10', os.arch: 'amd64', os.version: '10.0', java.version: '16.0.2'
Driver info: driver.version: unknown
	at com.trainermanagement.scripts.TestClass.Signup(TestClass.java:70)
]]></failure>
    <system-err><![CDATA[1646295354098	geckodriver	INFO	Listening on 127.0.0.1:8559
1646295354172	mozrunner::runner	INFO	Running command: "C:\\Program Files\\Mozilla Firefox\\firefox.exe" "--marionette" "--remote-debugging-port" "9222" "-no-remote" "-profile" "C:\\Users\\acer\\AppData\\Local\\Temp\\rust_mozprofileXUidcw"
1646295355926	Marionette	INFO	Marionette enabled
console.warn: SearchSettings: "get: No settings file exists, new profile?" (new NotFoundError("Could not open the file at C:\\Users\\acer\\AppData\\Local\\Temp\\rust_mozprofilefuKbCZ\\search.json.mozlz4", (void 0)))
DevTools listening on ws://localhost:9222/devtools/browser/44db4007-3664-4cf3-8919-de5c269aeaa0
1646295357872	Marionette	INFO	Listening on port 57819
1646295357913	RemoteAgent	WARN	TLS certificate errors will be ignored for this session
Mar 03, 2022 1:45:57 PM org.openqa.selenium.remote.ProtocolHandshake createSession
INFO: Detected dialect: W3C
console.warn: SearchSettings: "get: No settings file exists, new profile?" (new NotFoundError("Could not open the file at C:\\Users\\acer\\AppData\\Local\\Temp\\rust_mozprofileXUidcw\\search.json.mozlz4", (void 0)))
DevTools listening on ws://localhost:9222/devtools/browser/3e9898a6-1d05-4d90-8491-765dc2510232
1646295361270	Marionette	INFO	Listening on port 58247
1646295361758	RemoteAgent	WARN	TLS certificate errors will be ignored for this session
Mar 03, 2022 1:46:01 PM org.openqa.selenium.remote.ProtocolHandshake createSession
INFO: Detected dialect: W3C
]]></system-err>
  </testcase>
  <testcase name="tearDown" classname="com.trainermanagement.scripts.TestClass" time="0">
    <skipped/>
  </testcase>
  <testcase name="tearDown" classname="com.trainermanagement.scripts.TestClass" time="0">
    <skipped/>
  </testcase>
  <testcase name="tearDown" classname="com.trainermanagement.scripts.TestClass" time="0">
    <skipped/>
  </testcase>
  <testcase name="verifyValidLogin" classname="com.trainermanagement.scripts.TestClass" time="0">
    <skipped message="Could not start a new session. Possible causes are invalid address of the remote server or browser start-up failure.&#10;Build info: version: &apos;4.0.0-beta-1&apos;, revision: &apos;9c03156c2b&apos;&#10;System info: host: &apos;DESKTOP-KSUDC9C&apos;, ip: &apos;192.168.1.205&apos;, os.name: &apos;Windows 10&apos;, os.arch: &apos;amd64&apos;, os.version: &apos;10.0&apos;, java.version: &apos;16.0.2&apos;&#10;Driver info: org.openqa.selenium.chrome.ChromeDriver&#10;Command: [null, newSession {desiredCapabilities=Capabilities {browserName: chrome}}]&#10;Capabilities {}"/>
  </testcase>
  <testcase name="verifyValidLogin" classname="com.trainermanagement.scripts.TestClass" time="1.18">
    <failure message="Cannot get a STRING value from a NUMERIC cell" type="java.lang.IllegalStateException"><![CDATA[java.lang.IllegalStateException: Cannot get a STRING value from a NUMERIC cell
	at com.trainermanagement.scripts.TestClass.verifyValidLogin(TestClass.java:54)
]]></failure>
  </testcase>
  <testcase name="verifyinValidLogin" classname="com.trainermanagement.scripts.TestClass" time="0">
    <skipped message="Could not start a new session. Possible causes are invalid address of the remote server or browser start-up failure.&#10;Build info: version: &apos;4.0.0-beta-1&apos;, revision: &apos;9c03156c2b&apos;&#10;System info: host: &apos;DESKTOP-KSUDC9C&apos;, ip: &apos;192.168.1.205&apos;, os.name: &apos;Windows 10&apos;, os.arch: &apos;amd64&apos;, os.version: &apos;10.0&apos;, java.version: &apos;16.0.2&apos;&#10;Driver info: org.openqa.selenium.chrome.ChromeDriver&#10;Command: [null, newSession {desiredCapabilities=Capabilities {browserName: chrome}}]&#10;Capabilities {}"/>
  </testcase>
  <testcase name="verifyinValidLogin" classname="com.trainermanagement.scripts.TestClass" time="0.125">
    <failure message="Cannot get a STRING value from a NUMERIC cell" type="java.lang.IllegalStateException"><![CDATA[java.lang.IllegalStateException: Cannot get a STRING value from a NUMERIC cell
	at com.trainermanagement.scripts.TestClass.verifyinValidLogin(TestClass.java:33)
]]></failure>
  </testcase>
  <testcase name="Signup" classname="com.trainermanagement.scripts.TestClassSignUp" time="0.017">
    <failure message="Compound class names not permitted&#10;For documentation on this error, please visit: https://selenium.dev/exceptions/#invalid_selector_exception&#10;Build info: version: &apos;4.0.0-beta-1&apos;, revision: &apos;9c03156c2b&apos;&#10;System info: host: &apos;DESKTOP-KSUDC9C&apos;, ip: &apos;192.168.1.205&apos;, os.name: &apos;Windows 10&apos;, os.arch: &apos;amd64&apos;, os.version: &apos;10.0&apos;, java.version: &apos;16.0.2&apos;&#10;Driver info: driver.version: unknown" type="org.openqa.selenium.InvalidSelectorException"><![CDATA[org.openqa.selenium.InvalidSelectorException: 
Compound class names not permitted
For documentation on this error, please visit: https://selenium.dev/exceptions/#invalid_selector_exception
Build info: version: '4.0.0-beta-1', revision: '9c03156c2b'
System info: host: 'DESKTOP-KSUDC9C', ip: '192.168.1.205', os.name: 'Windows 10', os.arch: 'amd64', os.version: '10.0', java.version: '16.0.2'
Driver info: driver.version: unknown
	at com.trainermanagement.scripts.TestClassSignUp.Signup(TestClassSignUp.java:26)
]]></failure>
  </testcase>
</testsuite>